生成启动时间为 2016/10/17 13:58:15。
     1>项目“C:\Users\xyli0\Documents\Visual Studio 2013\Projects\RTP_3Camera_Client(me)\RTP_3Camera_Client\RTP_3Camera_Client.vcxproj”在节点 2 上(Build 个目标)。
     1>ClCompile:
         C:\Program Files (x86)\Microsoft Visual Studio 12.0\VC\bin\CL.exe /c /ZI /nologo /W3 /WX- /sdl- /Od /Oy- /D WIN32 /D _WINDOWS /D _DEBUG /D _CRT_SECURE_NO_WARNINGS /D _UNICODE /D UNICODE /D _AFXDLL /Gm /EHsc /RTC1 /MDd /GS /fp:precise /Zc:wchar_t /Zc:forScope /Yu"stdafx.h" /Fp"Debug\RTP_3Camera_Client.pch" /Fo"Debug\\" /Fd"Debug\vc120.pdb" /Gd /TP /analyze- /errorReport:prompt RtpTransport.cpp
         RtpTransport.cpp
     1>c:\users\xyli0\documents\visual studio 2013\projects\rtp_3camera_client(me)\rtp_3camera_client\rtptransport.cpp(5): warning C4005: “TRACE”: 宏重定义
                 c:\program files (x86)\microsoft visual studio 12.0\vc\atlmfc\include\afx.h(338) : 参见“TRACE”的前一个定义
       Link:
         C:\Program Files (x86)\Microsoft Visual Studio 12.0\VC\bin\link.exe /ERRORREPORT:PROMPT /OUT:"C:\Users\xyli0\Documents\Visual Studio 2013\Projects\RTP_3Camera_Client(me)\Debug\RTP_3Camera_Client.exe" /INCREMENTAL /NOLOGO avcodec.lib avdevice.lib avfilter.lib avformat.lib avutil.lib jrtplib_d.lib jthread_d.lib jrtplib.lib jthread.lib postproc.lib swresample.lib swscale.lib opencv_ml249d.lib opencv_calib3d249d.lib opencv_contrib249d.lib opencv_core249d.lib opencv_features2d249d.lib opencv_flann249d.lib opencv_gpu249d.lib opencv_highgui249d.lib opencv_imgproc249d.lib opencv_legacy249d.lib opencv_objdetect249d.lib opencv_ts249d.lib opencv_video249d.lib opencv_nonfree249d.lib opencv_ocl249d.lib opencv_photo249d.lib opencv_stitching249d.lib opencv_superres249d.lib opencv_videostab249d.lib /MANIFEST:NO /DEBUG /PDB:"C:\Users\xyli0\Documents\Visual Studio 2013\Projects\RTP_3Camera_Client(me)\Debug\RTP_3Camera_Client.pdb" /SUBSYSTEM:WINDOWS /TLBID:1 /ENTRY:"wWinMainCRTStartup" /DYNAMICBASE /NXCOMPAT /IMPLIB:"C:\Users\xyli0\Documents\Visual Studio 2013\Projects\RTP_3Camera_Client(me)\Debug\RTP_3Camera_Client.lib" /MACHINE:X86 Debug\RTP_3Camera_Client.res
         Debug\CvvImage.obj
         Debug\Ffmpeg_Decode.obj
         Debug\H264Coder.obj
         Debug\RtpTransport.obj
         Debug\RTP_3Camera_Client.obj
         Debug\RTP_3Camera_ClientDlg.obj
         Debug\stdafx.obj
         RTP_3Camera_Client.vcxproj -> C:\Users\xyli0\Documents\Visual Studio 2013\Projects\RTP_3Camera_Client(me)\Debug\RTP_3Camera_Client.exe
     1>已完成生成项目“C:\Users\xyli0\Documents\Visual Studio 2013\Projects\RTP_3Camera_Client(me)\RTP_3Camera_Client\RTP_3Camera_Client.vcxproj”(Build 个目标)的操作。

生成成功。

已用时间 00:00:04.32
